Build started 5/9/2019 9:06:19 PM.
     1>Project "c:\Users\Martin\documents\visual studio 2015\Projects\Assignment 5\Assignment 5\Assignment 5.vcxproj" on node 2 (Build target(s)).
     1>Link:
         C:\Program Files (x86)\Microsoft Visual Studio 14.0\VC\bin\link.exe /ERRORREPORT:PROMPT /OUT:"c:\users\martin\documents\visual studio 2015\Projects\Assignment 5\Debug\Assignment 5.exe" /INCREMENTAL /NOLOGO kernel32.lib user32.lib gdi32.lib winspool.lib comdlg32.lib advapi32.lib shell32.lib ole32.lib oleaut32.lib uuid.lib odbc32.lib odbccp32.lib /MANIFEST /MANIFESTUAC:"level='asInvoker' uiAccess='false'" /manifest:embed /Debug /PDB:"c:\users\martin\documents\visual studio 2015\Projects\Assignment 5\Debug\Assignment 5.pdb" /SUBSYSTEM:CONSOLE /TLBID:1 /DYNAMICBASE /NXCOMPAT /IMPLIB:"c:\users\martin\documents\visual studio 2015\Projects\Assignment 5\Debug\Assignment 5.lib" /MACHINE:X86 Debug\Source.obj
     1>Source.obj : error LNK2019: unresolved external symbol _getline referenced in function _main
     1>c:\users\martin\documents\visual studio 2015\Projects\Assignment 5\Debug\Assignment 5.exe : fatal error LNK1120: 1 unresolved externals
     1>Done Building Project "c:\Users\Martin\documents\visual studio 2015\Projects\Assignment 5\Assignment 5\Assignment 5.vcxproj" (Build target(s)) -- FAILED.

Build FAILED.

Time Elapsed 00:00:00.20
